<?xml version="1.0" encoding="utf-8"?><testsuites name="pytest tests"><testsuite name="pytest" errors="0" failures="1" skipped="0" tests="85" time="114.646" timestamp="2026-05-03T01:10:39.904727+00:00" hostname="agent-env-3dadf2fd-aa19-4538-a0b8-c328a32fa297"><testcase classname="backend.tests.test_cms.TestContentGet" name="test_get_content_public_returns_full_doc" time="0.207" /><testcase classname="backend.tests.test_cms.TestContentGet" name="test_get_content_no_mongo_id_leaked" time="0.151" /><testcase classname="backend.tests.test_cms.TestContentPut" name="test_put_content_requires_admin" time="3.087" /><testcase classname="backend.tests.test_cms.TestContentPut" name="test_put_theme_persists_and_does_not_wipe_other_sections" time="1.176" /><testcase classname="backend.tests.test_cms.TestContentPut" name="test_put_branding_partial_merge" time="1.206" /><testcase classname="backend.tests.test_cms.TestContentPut" name="test_put_dates_replaces_list" time="0.996" /><testcase classname="backend.tests.test_cms.TestLogoUpload" name="test_upload_logo_requires_admin" time="0.538" /><testcase classname="backend.tests.test_cms.TestLogoUpload" name="test_upload_logo_png_ok_and_public_serve" time="1.041" /><testcase classname="backend.tests.test_cms.TestLogoUpload" name="test_upload_logo_rejects_disallowed_extension" time="0.603" /><testcase classname="backend.tests.test_cms.TestLogoUpload" name="test_upload_logo_accepts_svg" time="0.692" /><testcase classname="backend.tests.test_cms.TestLogoUpload" name="test_public_logo_404_for_unknown" time="0.187" /><testcase classname="backend.tests.test_cms.TestFlyerUpload" name="test_flyer_upload_requires_admin" time="0.607" /><testcase classname="backend.tests.test_cms.TestFlyerUpload" name="test_flyer_upload_png_ok" time="1.968" /><testcase classname="backend.tests.test_cms.TestFlyerUpload" name="test_flyer_upload_pdf_ok" time="1.217" /><testcase classname="backend.tests.test_cms.TestFlyerUpload" name="test_flyer_upload_rejects_svg" time="0.987" /><testcase classname="backend.tests.test_cms.TestAuthRegression" name="test_admin_login_ok" time="0.694" /><testcase classname="backend.tests.test_cms.TestAuthRegression" name="test_author_login_ok" time="0.610" /><testcase classname="backend.tests.test_ojs_api.TestPublic" name="test_health" time="0.131" /><testcase classname="backend.tests.test_ojs_api.TestPublic" name="test_papers_published_public" time="0.138" /><testcase classname="backend.tests.test_ojs_api.TestAuth" name="test_login_all_demo" time="3.280" /><testcase classname="backend.tests.test_ojs_api.TestAuth" name="test_login_invalid" time="0.145" /><testcase classname="backend.tests.test_ojs_api.TestAuth" name="test_me" time="30.037"><failure message="requests.exceptions.ConnectTimeout: HTTPSConnectionPool(host='paper-review-flow.preview.emergentagent.com', port=443): Max retries exceeded with url: /api/auth/me (Caused by ConnectTimeoutError(&lt;HTTPSConnection(host='paper-review-flow.preview.emergentagent.com', port=443) at 0x79d1384cfd10&gt;, 'Connection to paper-review-flow.preview.emergentagent.com timed out. (connect timeout=15)'))">/root/.venv/lib/python3.11/site-packages/urllib3/connection.py:204: in _new_conn
    sock = connection.create_connection(
/root/.venv/lib/python3.11/site-packages/urllib3/util/connection.py:85: in create_connection
    raise err
/root/.venv/lib/python3.11/site-packages/urllib3/util/connection.py:73: in create_connection
    sock.connect(sa)
E   TimeoutError: timed out

The above exception was the direct cause of the following exception:
/root/.venv/lib/python3.11/site-packages/urllib3/connectionpool.py:787: in urlopen
    response = self._make_request(
/root/.venv/lib/python3.11/site-packages/urllib3/connectionpool.py:488: in _make_request
    raise new_e
/root/.venv/lib/python3.11/site-packages/urllib3/connectionpool.py:464: in _make_request
    self._validate_conn(conn)
/root/.venv/lib/python3.11/site-packages/urllib3/connectionpool.py:1093: in _validate_conn
    conn.connect()
/root/.venv/lib/python3.11/site-packages/urllib3/connection.py:759: in connect
    self.sock = sock = self._new_conn()
                       ^^^^^^^^^^^^^^^^
/root/.venv/lib/python3.11/site-packages/urllib3/connection.py:213: in _new_conn
    raise ConnectTimeoutError(
E   urllib3.exceptions.ConnectTimeoutError: (&lt;HTTPSConnection(host='paper-review-flow.preview.emergentagent.com', port=443) at 0x79d1384cfd10&gt;, 'Connection to paper-review-flow.preview.emergentagent.com timed out. (connect timeout=15)')

The above exception was the direct cause of the following exception:
/root/.venv/lib/python3.11/site-packages/requests/adapters.py:645: in send
    resp = conn.urlopen(
/root/.venv/lib/python3.11/site-packages/urllib3/connectionpool.py:841: in urlopen
    retries = retries.increment(
/root/.venv/lib/python3.11/site-packages/urllib3/util/retry.py:535: in increment
    raise MaxRetryError(_pool, url, reason) from reason  # type: ignore[arg-type]
    ^^^^^^^^^^^^^^^^^^^^^^^^^^^^^^^^^^^^^^^^^^^^^^^^^^^
E   urllib3.exceptions.MaxRetryError: HTTPSConnectionPool(host='paper-review-flow.preview.emergentagent.com', port=443): Max retries exceeded with url: /api/auth/me (Caused by ConnectTimeoutError(&lt;HTTPSConnection(host='paper-review-flow.preview.emergentagent.com', port=443) at 0x79d1384cfd10&gt;, 'Connection to paper-review-flow.preview.emergentagent.com timed out. (connect timeout=15)'))

During handling of the above exception, another exception occurred:
backend/tests/test_ojs_api.py:67: in test_me
    r = requests.get(f"{API}/auth/me", headers=_hdr(token), timeout=15)
        ^^^^^^^^^^^^^^^^^^^^^^^^^^^^^^^^^^^^^^^^^^^^^^^^^^^^^^^^^^^^^^^
/root/.venv/lib/python3.11/site-packages/requests/api.py:73: in get
    return request("get", url, params=params, **kwargs)
           ^^^^^^^^^^^^^^^^^^^^^^^^^^^^^^^^^^^^^^^^^^^^
/root/.venv/lib/python3.11/site-packages/requests/api.py:59: in request
    return session.request(method=method, url=url, **kwargs)
           ^^^^^^^^^^^^^^^^^^^^^^^^^^^^^^^^^^^^^^^^^^^^^^^^^
/root/.venv/lib/python3.11/site-packages/requests/sessions.py:592: in request
    resp = self.send(prep, **send_kwargs)
           ^^^^^^^^^^^^^^^^^^^^^^^^^^^^^^
/root/.venv/lib/python3.11/site-packages/requests/sessions.py:706: in send
    r = adapter.send(request, **kwargs)
        ^^^^^^^^^^^^^^^^^^^^^^^^^^^^^^^
/root/.venv/lib/python3.11/site-packages/requests/adapters.py:666: in send
    raise ConnectTimeout(e, request=request)
E   requests.exceptions.ConnectTimeout: HTTPSConnectionPool(host='paper-review-flow.preview.emergentagent.com', port=443): Max retries exceeded with url: /api/auth/me (Caused by ConnectTimeoutError(&lt;HTTPSConnection(host='paper-review-flow.preview.emergentagent.com', port=443) at 0x79d1384cfd10&gt;, 'Connection to paper-review-flow.preview.emergentagent.com timed out. (connect timeout=15)'))</failure></testcase><testcase classname="backend.tests.test_ojs_api.TestAuth" name="test_me_unauthorized" time="0.240" /><testcase classname="backend.tests.test_ojs_api.TestAuth" name="test_register_new_author" time="0.510" /><testcase classname="backend.tests.test_ojs_api.TestAuth" name="test_register_admin_downgraded" time="1.292" /><testcase classname="backend.tests.test_ojs_api.TestAuth" name="test_register_duplicate" time="0.397" /><testcase classname="backend.tests.test_ojs_api.TestUsers" name="test_list_users_as_admin" time="0.140" /><testcase classname="backend.tests.test_ojs_api.TestUsers" name="test_list_reviewers" time="0.228" /><testcase classname="backend.tests.test_ojs_api.TestUsers" name="test_author_cannot_list_users" time="11.368" /><testcase classname="backend.tests.test_ojs_api.TestPaperFlow" name="test_paper_created_and_listed_for_author" time="0.353" /><testcase classname="backend.tests.test_ojs_api.TestPaperFlow" name="test_get_paper" time="0.141" /><testcase classname="backend.tests.test_ojs_api.TestPaperFlow" name="test_upload_pdf" time="0.359" /><testcase classname="backend.tests.test_ojs_api.TestPaperFlow" name="test_upload_invalid_extension" time="0.134" /><testcase classname="backend.tests.test_ojs_api.TestPaperFlow" name="test_author_cannot_assign_reviewers" time="0.137" /><testcase classname="backend.tests.test_ojs_api.TestPaperFlow" name="test_editor_assigns_reviewer" time="0.481" /><testcase classname="backend.tests.test_ojs_api.TestPaperFlow" name="test_reviewer_sees_assigned_paper" time="0.171" /><testcase classname="backend.tests.test_ojs_api.TestPaperFlow" name="test_reviewer_submits_review" time="0.167" /><testcase classname="backend.tests.test_ojs_api.TestPaperFlow" name="test_reviewer_cannot_make_decision" time="0.146" /><testcase classname="backend.tests.test_ojs_api.TestPaperFlow" name="test_author_cannot_see_reviews_before_decision" time="0.148" /><testcase classname="backend.tests.test_ojs_api.TestPaperFlow" name="test_editor_makes_revision_decision" time="0.140" /><testcase classname="backend.tests.test_ojs_api.TestPaperFlow" name="test_author_sees_reviews_after_decision" time="0.163" /><testcase classname="backend.tests.test_ojs_api.TestPaperFlow" name="test_author_uploads_revision" time="0.320" /><testcase classname="backend.tests.test_ojs_api.TestPaperFlow" name="test_editor_publishes" time="0.387" /><testcase classname="backend.tests.test_ojs_api.TestFileDownload" name="test_unauth_other_author_denied" time="0.813" /><testcase classname="backend.tests.test_ojs_api.TestNotifications" name="test_list" time="0.136" /><testcase classname="backend.tests.test_ojs_api.TestNotifications" name="test_mark_all_read" time="0.273" /><testcase classname="backend.tests.test_ojs_api.TestStats" name="test_author_stats" time="0.150" /><testcase classname="backend.tests.test_ojs_api.TestStats" name="test_editor_stats" time="0.219" /><testcase classname="backend.tests.test_ojs_api.TestStats" name="test_reviewer_stats" time="0.155" /><testcase classname="backend.tests.test_ojs_api.TestAdminUsers" name="test_update_role_and_delete" time="0.754" /><testcase classname="backend.tests.test_ojs_api.TestAdminUsers" name="test_editor_cannot_update_role" time="0.136" /><testcase classname="backend.tests.test_seaipc_features.TestPasswordReset" name="test_forgot_password_always_returns_200" time="0.135" /><testcase classname="backend.tests.test_seaipc_features.TestPasswordReset" name="test_forgot_password_known_email_logs_reset_link" time="0.985" /><testcase classname="backend.tests.test_seaipc_features.TestPasswordReset" name="test_reset_password_invalid_token_rejected" time="0.509" /><testcase classname="backend.tests.test_seaipc_features.TestPasswordReset" name="test_full_reset_flow_then_restore" time="5.673" /><testcase classname="backend.tests.test_seaipc_features.TestDOIOnPublish" name="test_publish_auto_assigns_doi" time="1.779" /><testcase classname="backend.tests.test_seaipc_features.TestDOIOnPublish" name="test_publish_with_explicit_doi" time="1.864" /><testcase classname="backend.tests.test_seaipc_features.TestFilePreview" name="test_preview_with_query_token_inline" time="2.269" /><testcase classname="backend.tests.test_seaipc_features.TestFilePreview" name="test_preview_with_bearer_header" time="1.339" /><testcase classname="backend.tests.test_seaipc_features.TestFilePreview" name="test_preview_no_token_rejected" time="1.151" /><testcase classname="backend.tests.test_seaipc_features.TestFilePreview" name="test_preview_invalid_token_rejected" time="1.253" /><testcase classname="backend.tests.test_seaipc_features.TestFilePreview" name="test_preview_unauthorized_reviewer_forbidden" time="1.754" /><testcase classname="backend.tests.test_seaipc_features.TestFilePreview" name="test_preview_admin_allowed" time="1.570" /><testcase classname="backend.tests.test_seaipc_v2_features.TestUploadFinal" name="test_upload_final_editor_ok" time="3.064" /><testcase classname="backend.tests.test_seaipc_v2_features.TestUploadFinal" name="test_upload_final_non_editor_forbidden" time="1.275" /><testcase classname="backend.tests.test_seaipc_v2_features.TestUploadFinal" name="test_upload_final_rejects_non_pdf" time="1.292" /><testcase classname="backend.tests.test_seaipc_v2_features.TestPublicPaperPdf" name="test_public_pdf_published_no_auth" time="1.892" /><testcase classname="backend.tests.test_seaipc_v2_features.TestPublicPaperPdf" name="test_public_pdf_unpublished_404" time="0.678" /><testcase classname="backend.tests.test_seaipc_v2_features.TestPublicPaperPdf" name="test_public_pdf_unknown_paper_404" time="0.152" /><testcase classname="backend.tests.test_seaipc_v2_features.TestDecisionFinalFileId" name="test_publish_falls_back_to_author_file_id" time="1.647" /><testcase classname="backend.tests.test_seaipc_v2_features.TestDecisionFinalFileId" name="test_publish_with_explicit_final_file_id" time="3.081" /><testcase classname="backend.tests.test_seaipc_v2_features.TestJournalRequests" name="test_create_journal_request_author_ok" time="1.921" /><testcase classname="backend.tests.test_seaipc_v2_features.TestJournalRequests" name="test_create_journal_request_upsert" time="0.295" /><testcase classname="backend.tests.test_seaipc_v2_features.TestJournalRequests" name="test_get_journal_request_author" time="0.145" /><testcase classname="backend.tests.test_seaipc_v2_features.TestJournalRequests" name="test_get_journal_request_empty_dict_when_none" time="1.726" /><testcase classname="backend.tests.test_seaipc_v2_features.TestJournalRequests" name="test_create_journal_request_unpublished_400" time="0.705" /><testcase classname="backend.tests.test_seaipc_v2_features.TestJournalRequests" name="test_create_journal_request_other_author_403" time="1.123" /><testcase classname="backend.tests.test_seaipc_v2_features.TestJournalRequests" name="test_list_journal_requests_editor_ok" time="0.133" /><testcase classname="backend.tests.test_seaipc_v2_features.TestJournalRequests" name="test_list_journal_requests_author_403" time="0.125" /><testcase classname="backend.tests.test_seaipc_v2_features.TestJournalRequests" name="test_list_journal_requests_reviewer_403" time="0.583" /><testcase classname="backend.tests.test_seaipc_v2_features.TestJournalRequests" name="test_patch_journal_request_editor_ok" time="0.459" /><testcase classname="backend.tests.test_seaipc_v2_features.TestJournalRequests" name="test_patch_journal_request_author_403" time="0.520" /><testcase classname="backend.tests.test_seaipc_v2_features.TestJournalRequests" name="test_patch_journal_request_unknown_404" time="1.359" /><testcase classname="backend.tests.test_seaipc_v2_features.TestPublicationsMigration" name="test_content_publications_are_objects" time="0.222" /><testcase classname="backend.tests.test_seaipc_v2_features.TestPublicationsMigration" name="test_content_publications_string_migration" time="1.406" /></testsuite></testsuites>