<?xml version="1.0" encoding="utf-8"?><testsuites name="pytest tests"><testsuite name="pytest" errors="0" failures="0" skipped="0" tests="22" time="28.858" timestamp="2026-05-03T01:10:06.079361+00:00" hostname="agent-env-3dadf2fd-aa19-4538-a0b8-c328a32fa297"><testcase classname="backend.tests.test_seaipc_v2_features.TestUploadFinal" name="test_upload_final_editor_ok" time="2.294" /><testcase classname="backend.tests.test_seaipc_v2_features.TestUploadFinal" name="test_upload_final_non_editor_forbidden" time="1.157" /><testcase classname="backend.tests.test_seaipc_v2_features.TestUploadFinal" name="test_upload_final_rejects_non_pdf" time="1.167" /><testcase classname="backend.tests.test_seaipc_v2_features.TestPublicPaperPdf" name="test_public_pdf_published_no_auth" time="3.490" /><testcase classname="backend.tests.test_seaipc_v2_features.TestPublicPaperPdf" name="test_public_pdf_unpublished_404" time="1.066" /><testcase classname="backend.tests.test_seaipc_v2_features.TestPublicPaperPdf" name="test_public_pdf_unknown_paper_404" time="0.162" /><testcase classname="backend.tests.test_seaipc_v2_features.TestDecisionFinalFileId" name="test_publish_falls_back_to_author_file_id" time="2.885" /><testcase classname="backend.tests.test_seaipc_v2_features.TestDecisionFinalFileId" name="test_publish_with_explicit_final_file_id" time="4.030" /><testcase classname="backend.tests.test_seaipc_v2_features.TestJournalRequests" name="test_create_journal_request_author_ok" time="3.001" /><testcase classname="backend.tests.test_seaipc_v2_features.TestJournalRequests" name="test_create_journal_request_upsert" time="0.299" /><testcase classname="backend.tests.test_seaipc_v2_features.TestJournalRequests" name="test_get_journal_request_author" time="0.145" /><testcase classname="backend.tests.test_seaipc_v2_features.TestJournalRequests" name="test_get_journal_request_empty_dict_when_none" time="1.783" /><testcase classname="backend.tests.test_seaipc_v2_features.TestJournalRequests" name="test_create_journal_request_unpublished_400" time="0.731" /><testcase classname="backend.tests.test_seaipc_v2_features.TestJournalRequests" name="test_create_journal_request_other_author_403" time="1.214" /><testcase classname="backend.tests.test_seaipc_v2_features.TestJournalRequests" name="test_list_journal_requests_editor_ok" time="0.145" /><testcase classname="backend.tests.test_seaipc_v2_features.TestJournalRequests" name="test_list_journal_requests_author_403" time="0.163" /><testcase classname="backend.tests.test_seaipc_v2_features.TestJournalRequests" name="test_list_journal_requests_reviewer_403" time="0.580" /><testcase classname="backend.tests.test_seaipc_v2_features.TestJournalRequests" name="test_patch_journal_request_editor_ok" time="0.413" /><testcase classname="backend.tests.test_seaipc_v2_features.TestJournalRequests" name="test_patch_journal_request_author_403" time="0.508" /><testcase classname="backend.tests.test_seaipc_v2_features.TestJournalRequests" name="test_patch_journal_request_unknown_404" time="1.592" /><testcase classname="backend.tests.test_seaipc_v2_features.TestPublicationsMigration" name="test_content_publications_are_objects" time="0.397" /><testcase classname="backend.tests.test_seaipc_v2_features.TestPublicationsMigration" name="test_content_publications_string_migration" time="1.373" /></testsuite></testsuites>